       15329           8           0
 111  1   8  187   3   4  92 2.28E+03 1.07E-01 3.33E-01  13  87 -22
 110  1  71  200   2  38  60 1.53E+03 5.35E-01 5.37E-01  21  79  -6
 110  1 250  200   1  70  29 4.14E+03 8.44E-01 1.08E+00  59  41  -2
 111  1   8  187   3   4  92 2.28E+03 1.07E-01 3.22E-01  13  87 -22
 110  1  71  200   2  39  59 1.53E+03 5.35E-01 5.30E-01  21  79  -6
 110  1 250  200   1  70  29 4.14E+03 8.44E-01 1.09E+00  59  41  -2
 100  1****  200   0 100   0 6.23E+03 6.79E-01 6.63E+01  77  23  -4
 110  1   8  200   1   6  92 5.90E+03 3.73E-01 8.88E-01  14  86 -10
 110  1  25  200   3  14  83 3.37E+03 7.44E-01 7.17E-01  12  88  -3
 110  1  46  200   3  29  68 3.54E+03 6.65E-01 1.30E+00   7  93  -4
 111  1  85   21   2  89   9 3.47E+03 4.57E-01 8.83E-01   1  99  -8
 110  1  44  200   3  26  71 2.35E+04 2.05E-01 1.26E+00  31  69 -16
 111  1  91  185   1  51  48 1.04E+04 6.13E-01 1.22E+00  22  78  -5
 111  1  90   76   2  75  23 1.27E+04 6.56E-01 9.93E-01  31  69  -4
 111  1 317   51   1  91   8 1.42E+04 8.44E-01 1.85E+00  63  37  -2
 111  1 115   90   2  64  34 1.25E+04 8.20E-01 7.42E-01  43  57  -2
 111  1 101   57   3  79  18 1.58E+04 5.80E-01 9.74E-01  29  71  -5
 111  12133   72   0  98   2 2.07E+04 9.76E-01 1.20E+01  55  45   0
 111  1 206   55   2  89   9 2.16E+04 7.60E-01 1.43E+00  38  62  -3
 111  11303   39   0  98   1 5.40E+04 7.54E-01 8.14E+00  38  62  -3
 111  1 331   38   1  93   7 1.45E+05 7.96E-01 1.84E+00  48  52  -2
 110  1****  200   0 100   0 4.27E+03 9.77E-01 6.83E+01  77  23   0
 110  1 537  200   1  84  16 4.26E+03 9.79E-01 1.98E+00  81  19   0
 110  1 449  200   1  81  18 4.10E+03 1.00E+00 1.63E+00  80  20   0
 110  1 470  200   1  82  18 4.11E+03 9.99E-01 1.68E+00  80  20   0
 110  1 483  200   1  82  17 4.04E+03 9.98E-01 1.86E+00  79  21   0
 110  1 471  200   1  82  18 4.01E+03 1.00E+00 1.68E+00  79  21   0
 110  1 471  200   1  82  17 4.00E+03 1.00E+00 1.72E+00  78  22   0
 110  1 476  200   1  82  18 4.00E+03 1.00E+00 1.72E+00  78  22   0
 110  1 477  200   1  84  16 4.00E+03 1.00E+00 1.88E+00  78  22   0
 110  1 477  200   1  81  18 4.01E+03 1.00E+00 1.84E+00  78  22   0
 100  1****  200   0 100   0 4.01E+03 9.94E-01 6.29E+01  77  23   0
 110  12573  200   0  96   4 4.35E+03 9.84E-01 8.32E+00  84  16   0
 110  11122  200   0  92   8 4.29E+03 9.80E-01 3.73E+00  82  18   0
 110  11645  200   0  94   6 4.06E+03 9.99E-01 5.28E+00  81  19   0
 110  11127  200   0  92   8 4.00E+03 1.00E+00 3.70E+00  78  22   0
 110  11099  200   0  91   9 4.00E+03 1.00E+00 3.57E+00  78  22   0
 110  1 934  200   0  90   9 3.99E+03 1.00E+00 3.15E+00  76  24   0
 110  1 957  200   0  90  10 3.99E+03 1.00E+00 3.23E+00  77  23   0
 110  1 898  200   0  90  10 4.04E+03 9.99E-01 3.01E+00  72  28   0
 110  1 916  200   0  90  10 4.04E+03 1.00E+00 3.16E+00  72  28   0
 110  11090  200   0  91   8 4.06E+03 1.00E+00 3.57E+00  71  29   0
 110  11061  200   0  91   8 4.06E+03 1.00E+00 3.52E+00  71  29   0
 110  1 911  200   0  89  10 4.14E+03 9.89E-01 3.06E+00  64  36   0
 110  1 775  200   0  88  11 4.14E+03 9.78E-01 2.63E+00  68  32   0
 111  1 425  137   1  85  14 4.16E+03 8.98E-01 1.45E+00  67  33  -1
 111  1 527  154   1  87  13 3.76E+03 9.65E-01 1.81E+00  66  34   0
 111  1 524   92   1  92   8 3.74E+03 9.74E-01 1.72E+00  66  34   0
 111  1 371  126   1  85  15 3.65E+03 9.50E-01 1.30E+00  63  37  -1
 111  1 455  127   1  87  12 3.49E+03 9.82E-01 1.61E+00  62  38   0
 110  1 389  200   1  79  20 3.41E+03 9.84E-01 1.47E+00  61  39   0
 111  1 427  118   1  87  12 3.44E+03 9.92E-01 1.47E+00  61  39   0
 111  1 378  131   1  84  15 3.40E+03 9.87E-01 1.33E+00  60  40   0
 111  1 414   70   1  92   8 3.39E+03 9.87E-01 1.36E+00  61  39   0
 111  1 354   74   1  90   9 3.31E+03 9.82E-01 1.17E+00  60  40   0
 111  1 366   64   1  91   8 3.32E+03 9.89E-01 1.20E+00  62  38   0
 111  1 296  101   1  85  14 3.25E+03 9.54E-01 1.10E+00  58  42   0
