Determining if the pthread_create exist failed with the following output:
Change Dir: /home/erpe8051/PHASTA_Forked/build/CMakeFiles/CMakeTmp

Run Build Command:"/usr/bin/make" "cmTC_65552/fast"
/usr/bin/make -f CMakeFiles/cmTC_65552.dir/build.make CMakeFiles/cmTC_65552.dir/build
make[1]: Entering directory '/home/erpe8051/PHASTA_Forked/build/CMakeFiles/CMakeTmp'
Building C object CMakeFiles/cmTC_65552.dir/CheckSymbolExists.c.o
/usr/bin/gcc     -o CMakeFiles/cmTC_65552.dir/CheckSymbolExists.c.o   -c /home/erpe8051/PHASTA_Forked/build/CMakeFiles/CMakeTmp/CheckSymbolExists.c
Linking C executable cmTC_65552
/usr/bin/cmake -E cmake_link_script CMakeFiles/cmTC_65552.dir/link.txt --verbose=1
/usr/bin/gcc       CMakeFiles/cmTC_65552.dir/CheckSymbolExists.c.o  -o cmTC_65552 -rdynamic 
CMakeFiles/cmTC_65552.dir/CheckSymbolExists.c.o: In function `main':
CheckSymbolExists.c:(.text+0x16): undefined reference to `pthread_create'
collect2: error: ld returned 1 exit status
CMakeFiles/cmTC_65552.dir/build.make:97: recipe for target 'cmTC_65552' failed
make[1]: *** [cmTC_65552] Error 1
make[1]: Leaving directory '/home/erpe8051/PHASTA_Forked/build/CMakeFiles/CMakeTmp'
Makefile:126: recipe for target 'cmTC_65552/fast' failed
make: *** [cmTC_65552/fast] Error 2

File /home/erpe8051/PHASTA_Forked/build/CMakeFiles/CMakeTmp/CheckSymbolExists.c:
/* */
#include <pthread.h>

int main(int argc, char** argv)
{
  (void)argv;
#ifndef pthread_create
  return ((int*)(&pthread_create))[argc];
#else
  (void)argc;
  return 0;
#endif
}

Determining if the function pthread_create exists in the pthreads failed with the following output:
Change Dir: /home/erpe8051/PHASTA_Forked/build/CMakeFiles/CMakeTmp

Run Build Command:"/usr/bin/make" "cmTC_59551/fast"
/usr/bin/make -f CMakeFiles/cmTC_59551.dir/build.make CMakeFiles/cmTC_59551.dir/build
make[1]: Entering directory '/home/erpe8051/PHASTA_Forked/build/CMakeFiles/CMakeTmp'
Building C object CMakeFiles/cmTC_59551.dir/CheckFunctionExists.c.o
/usr/bin/gcc    -DCHECK_FUNCTION_EXISTS=pthread_create   -o CMakeFiles/cmTC_59551.dir/CheckFunctionExists.c.o   -c /usr/share/cmake-3.5/Modules/CheckFunctionExists.c
Linking C executable cmTC_59551
/usr/bin/cmake -E cmake_link_script CMakeFiles/cmTC_59551.dir/link.txt --verbose=1
/usr/bin/gcc   -DCHECK_FUNCTION_EXISTS=pthread_create    CMakeFiles/cmTC_59551.dir/CheckFunctionExists.c.o  -o cmTC_59551 -rdynamic -lpthreads 
/usr/bin/ld: cannot find -lpthreads
collect2: error: ld returned 1 exit status
CMakeFiles/cmTC_59551.dir/build.make:97: recipe for target 'cmTC_59551' failed
make[1]: *** [cmTC_59551] Error 1
make[1]: Leaving directory '/home/erpe8051/PHASTA_Forked/build/CMakeFiles/CMakeTmp'
Makefile:126: recipe for target 'cmTC_59551/fast' failed
make: *** [cmTC_59551/fast] Error 2


