Determining if the pthread_create exist failed with the following output:
Change Dir: /home/erpe8051/PHASTA_Forked/debug_build/CMakeFiles/CMakeTmp

Run Build Command:"/usr/bin/make" "cmTC_6962c/fast"
/usr/bin/make -f CMakeFiles/cmTC_6962c.dir/build.make CMakeFiles/cmTC_6962c.dir/build
make[1]: Entering directory '/home/erpe8051/PHASTA_Forked/debug_build/CMakeFiles/CMakeTmp'
Building C object CMakeFiles/cmTC_6962c.dir/CheckSymbolExists.c.o
/usr/bin/gcc     -o CMakeFiles/cmTC_6962c.dir/CheckSymbolExists.c.o   -c /home/erpe8051/PHASTA_Forked/debug_build/CMakeFiles/CMakeTmp/CheckSymbolExists.c
Linking C executable cmTC_6962c
/usr/bin/cmake -E cmake_link_script CMakeFiles/cmTC_6962c.dir/link.txt --verbose=1
/usr/bin/gcc       CMakeFiles/cmTC_6962c.dir/CheckSymbolExists.c.o  -o cmTC_6962c -rdynamic 
CMakeFiles/cmTC_6962c.dir/CheckSymbolExists.c.o: In function `main':
CheckSymbolExists.c:(.text+0x16): undefined reference to `pthread_create'
collect2: error: ld returned 1 exit status
CMakeFiles/cmTC_6962c.dir/build.make:97: recipe for target 'cmTC_6962c' failed
make[1]: *** [cmTC_6962c] Error 1
make[1]: Leaving directory '/home/erpe8051/PHASTA_Forked/debug_build/CMakeFiles/CMakeTmp'
Makefile:126: recipe for target 'cmTC_6962c/fast' failed
make: *** [cmTC_6962c/fast] Error 2

File /home/erpe8051/PHASTA_Forked/debug_build/CMakeFiles/CMakeTmp/CheckSymbolExists.c:
/* */
#include <pthread.h>

int main(int argc, char** argv)
{
  (void)argv;
#ifndef pthread_create
  return ((int*)(&pthread_create))[argc];
#else
  (void)argc;
  return 0;
#endif
}

Determining if the function pthread_create exists in the pthreads failed with the following output:
Change Dir: /home/erpe8051/PHASTA_Forked/debug_build/CMakeFiles/CMakeTmp

Run Build Command:"/usr/bin/make" "cmTC_ab5ef/fast"
/usr/bin/make -f CMakeFiles/cmTC_ab5ef.dir/build.make CMakeFiles/cmTC_ab5ef.dir/build
make[1]: Entering directory '/home/erpe8051/PHASTA_Forked/debug_build/CMakeFiles/CMakeTmp'
Building C object CMakeFiles/cmTC_ab5ef.dir/CheckFunctionExists.c.o
/usr/bin/gcc    -DCHECK_FUNCTION_EXISTS=pthread_create   -o CMakeFiles/cmTC_ab5ef.dir/CheckFunctionExists.c.o   -c /usr/share/cmake-3.5/Modules/CheckFunctionExists.c
Linking C executable cmTC_ab5ef
/usr/bin/cmake -E cmake_link_script CMakeFiles/cmTC_ab5ef.dir/link.txt --verbose=1
/usr/bin/gcc   -DCHECK_FUNCTION_EXISTS=pthread_create    CMakeFiles/cmTC_ab5ef.dir/CheckFunctionExists.c.o  -o cmTC_ab5ef -rdynamic -lpthreads 
/usr/bin/ld: cannot find -lpthreads
collect2: error: ld returned 1 exit status
CMakeFiles/cmTC_ab5ef.dir/build.make:97: recipe for target 'cmTC_ab5ef' failed
make[1]: *** [cmTC_ab5ef] Error 1
make[1]: Leaving directory '/home/erpe8051/PHASTA_Forked/debug_build/CMakeFiles/CMakeTmp'
Makefile:126: recipe for target 'cmTC_ab5ef/fast' failed
make: *** [cmTC_ab5ef/fast] Error 2


