PHASTA Git hash ef63f1839d7ac8f9a878f14e91238fed76161042
Attempting to set ulimit from phasta exec 
 Complete Filename: ./input.config 

 Local Config: solver.inp 


 Equation Solver Work Selector: 50 

 MKL not available: ieqswork set to 50 
Number of geombc-dat and restart-dat files to read: 0
since zero assuming you planned to run posix 1PPF 
 time to read geombc (seconds)   9.2649459838867188E-003
 time to read restart (seconds)   1.6648769378662109E-003
 Element block size =           64
 input.f computes Rgas to be   288.29438280166437     
 Domain size (x,y,z):     2.3333333333   1.0000000000   0.1000000000
 Navier is set to            1
Total number of modes = 57186
 entering initTurb
d2wall field found in restart.100.
time to read d2wall (seconds) 0.000632

 leaving initTurb
 Back to MPI            1
 Back to MPI            3
 Back to MPI            0
 Back to MPI            2
environment variable LES_LICENSE_SERVER not defined 
using wesley as default 
 Number of global nonzeros       635845
 stopjob,lstep,istep          -1         100           0
   101 2.368E+00 6.547E-05  (   0)   1.384E-03   9.574E-03  <   850-   13|  10> [ 193 - 109]
   101 6.546E+00 5.108E-06  ( -11)   4.300E-04   1.339E-02  <  1818-    3|   6> [ 200 - 200]
   101 6.890E+00 1.457E-06           3.381E-03                               [    92]
   101 7.475E+00 3.408E-07           6.558E-04                               [   124]
   101 9.559E+00 6.795E-05  (   0)   1.275E-03   1.812E-02  <   857-    3|   9> [ 194 - 108]
   101 1.373E+01 5.014E-06  ( -11)   4.443E-04   1.525E-02  <  1592-   13|   7> [ 192 - 200]
   101 1.486E+01 1.447E-06           3.314E-03                               [   196]
   101 1.589E+01 3.313E-07           6.455E-04                               [   186]
             CFL Flow  Step  CFLfl_max  dt     101 1.872E+05 1.000E-03
   sforce            0 if any handled by rank          15  on node          15
   sforce            1 if any handled by rank          14  on node          14
 stopjob,lstep,istep          -1         101           1
   102 1.806E+01 5.665E-05  (   0)   1.118E-03   1.211E-02  <   787-    3|   9> [ 187 - 111]
   102 2.242E+01 4.364E-06  ( -11)   3.815E-04   1.409E-02  <  1620-    3|   7> [ 200 - 200]
   102 2.327E+01 1.270E-06           2.852E-03                               [   164]
   102 2.394E+01 3.049E-07           6.427E-04                               [   138]
   102 2.610E+01 5.778E-05  (   0)   1.088E-03   1.660E-02  <   670-   13|  10> [ 181 - 112]
   102 3.030E+01 4.270E-06  ( -11)   3.262E-04   1.754E-02  <   146-   13|   8> [ 200 - 200]
   102 3.146E+01 1.286E-06           3.265E-03                               [   200]
   102 3.224E+01 3.186E-07           6.343E-04                               [   154]
             CFL Flow  Step  CFLfl_max  dt     102 1.872E+05 1.000E-03
 stopjob,lstep,istep          -1         102           2
   103 3.454E+01 5.654E-05  (   0)   1.205E-03   8.196E-03  <   999-    3|   9> [ 194 - 119]
   103 3.877E+01 4.411E-06  ( -11)   3.445E-04   1.090E-02  <   166-   13|   8> [ 195 - 200]
   103 3.944E+01 1.346E-06           3.100E-03                               [   139]
   103 4.005E+01 3.248E-07           6.068E-04                               [   129]
   103 4.226E+01 6.542E-05  (   0)   1.442E-03   1.081E-02  <   868-   13|  10> [ 186 - 117]
   103 4.643E+01 5.070E-06  ( -11)   4.280E-04   1.191E-02  <   200-   13|   6> [ 197 - 200]
   103 4.699E+01 1.505E-06           4.016E-03                               [   118]
   103 4.751E+01 3.544E-07           6.664E-04                               [   112]
             CFL Flow  Step  CFLfl_max  dt     103 1.872E+05 1.000E-03
 stopjob,lstep,istep          -1         103           3
   104 4.955E+01 7.003E-05  (   0)   1.400E-03   1.730E-02  <  1167-    3|   9> [ 189 - 106]
   104 5.367E+01 5.275E-06  ( -10)   4.545E-04   1.353E-02  <  1846-    3|   7> [ 195 - 200]
   104 5.419E+01 1.517E-06           3.408E-03                               [   113]
   104 5.476E+01 3.444E-07           6.994E-04                               [   119]
   104 5.698E+01 6.209E-05  (   0)   1.315E-03   1.614E-02  <   849-   13|   9> [ 196 - 116]
   104 6.123E+01 4.814E-06  ( -11)   4.091E-04   2.109E-02  <  1616-    3|   7> [ 200 - 200]
   104 6.180E+01 1.435E-06           3.298E-03                               [   120]
   104 6.233E+01 3.292E-07           6.707E-04                               [   112]
             CFL Flow  Step  CFLfl_max  dt     104 1.872E+05 1.000E-03
 stopjob,lstep,istep          -1         104           4
   105 6.433E+01 6.172E-05  (   0)   1.058E-03   1.746E-02  <   787-    3|   9> [ 189 - 101]
   105 6.851E+01 4.506E-06  ( -11)   3.911E-04   2.345E-02  <  1573-   13|   7> [ 200 - 200]
   105 6.911E+01 1.269E-06           2.794E-03                               [   124]
   105 6.968E+01 3.100E-07           5.897E-04                               [   113]
   105 7.223E+01 5.368E-05  (   0)   1.096E-03   1.155E-02  <   623-   13|   9> [ 185 - 119]
   105 7.673E+01 4.158E-06  ( -11)   3.097E-04   9.605E-03  <   118-   13|   8> [ 200 - 200]
   105 7.741E+01 1.310E-06           3.192E-03                               [   125]
   105 7.791E+01 3.197E-07           6.364E-04                               [   108]
             CFL Flow  Step  CFLfl_max  dt     105 1.872E+05 1.000E-03
 stopjob,lstep,istep          -1         105           5
   106 8.025E+01 6.197E-05  (   0)   1.198E-03   1.468E-02  <   670-   13|  10> [ 200 - 108]
   106 8.457E+01 4.612E-06  ( -11)   3.773E-04   1.694E-02  <   136-   13|   8> [ 200 - 200]
   106 8.511E+01 1.329E-06           3.148E-03                               [   117]
   106 8.568E+01 3.338E-07           5.947E-04                               [   119]
   106 8.800E+01 6.452E-05  (   0)   1.470E-03   9.700E-03  <   772-   13|   9> [ 187 - 120]
   106 9.225E+01 4.964E-06  ( -11)   4.015E-04   1.013E-02  <   165-   13|   7> [ 199 - 200]
   106 9.284E+01 1.563E-06           3.976E-03                               [   125]
   106 9.332E+01 3.509E-07           6.842E-04                               [   104]
             CFL Flow  Step  CFLfl_max  dt     106 1.872E+05 1.000E-03
 stopjob,lstep,istep          -1         106           6
   107 9.538E+01 6.767E-05  (   0)   1.418E-03   1.033E-02  <   868-   13|  10> [ 200 - 106]
   107 9.950E+01 5.280E-06  ( -10)   4.225E-04   1.294E-02  <   200-   13|   7> [ 200 - 200]
   107 1.000E+02 1.471E-06           3.432E-03                               [   115]
   107 1.005E+02 3.446E-07           6.665E-04                               [   111]
   107 1.026E+02 6.856E-05  (   0)   1.247E-03   1.154E-02  <   857-    3|   9> [ 189 - 107]
   107 1.068E+02 5.096E-06  ( -11)   4.371E-04   1.865E-02  <  1646-    3|   8> [ 200 - 200]
   107 1.073E+02 1.452E-06           3.306E-03                               [   109]
   107 1.077E+02 3.318E-07           6.322E-04                               [    95]
             CFL Flow  Step  CFLfl_max  dt     107 1.872E+05 1.000E-03
 stopjob,lstep,istep          -1         107           7
   108 1.098E+02 5.649E-05  (   0)   1.042E-03   1.146E-02  <   848-   13|  10> [ 182 - 108]
   108 1.139E+02 4.301E-06  ( -11)   3.676E-04   1.155E-02  <  1616-    3|   8> [ 200 - 200]
   108 1.144E+02 1.271E-06           2.775E-03                               [   112]
   108 1.150E+02 3.048E-07           5.972E-04                               [   116]
   108 1.171E+02 5.612E-05  (   0)   1.051E-03   1.052E-02  <   578-   13|  10> [ 177 - 111]
   108 1.212E+02 4.168E-06  ( -11)   3.281E-04   1.079E-02  <  1521-    3|   8> [ 200 - 200]
   108 1.218E+02 1.280E-06           3.161E-03                               [   125]
   108 1.223E+02 3.159E-07           5.999E-04                               [   107]
             CFL Flow  Step  CFLfl_max  dt     108 1.872E+05 1.000E-03
 stopjob,lstep,istep          -1         108           8
   109 1.246E+02 5.501E-05  (   0)   1.188E-03   9.699E-03  <   605-   13|   9> [ 197 - 120]
   109 1.287E+02 4.368E-06  ( -11)   3.467E-04   7.506E-03  <  1899-   13|   7> [ 200 - 200]
   109 1.292E+02 1.332E-06           3.036E-03                               [   107]
   109 1.296E+02 3.234E-07           5.785E-04                               [   103]
   109 1.319E+02 6.579E-05  (   0)   1.458E-03   1.016E-02  <   772-   13|  10> [ 194 - 117]
   109 1.361E+02 5.063E-06  ( -11)   4.158E-04   1.159E-02  <  1298-   13|   7> [ 200 - 200]
   109 1.366E+02 1.504E-06           4.026E-03                               [   115]
   109 1.371E+02 3.560E-07           6.567E-04                               [   101]
             CFL Flow  Step  CFLfl_max  dt     109 1.872E+05 1.000E-03
 stopjob,lstep,istep          -1         109           9
   110 1.391E+02 7.032E-05  (   0)   1.422E-03   1.288E-02  <  1167-    3|   9> [ 198 - 105]
   110 1.433E+02 5.371E-06  ( -10)   4.242E-04   1.097E-02  <   213-   13|   7> [ 192 - 200]
   110 1.438E+02 1.521E-06           3.446E-03                               [   110]
   110 1.442E+02 3.452E-07           6.857E-04                               [   101]
   110 1.464E+02 6.397E-05  (   0)   1.294E-03   9.270E-03  <   867-   13|  10> [ 188 - 115]
   110 1.507E+02 4.955E-06  ( -11)   3.994E-04   2.111E-02  <  1646-    3|   8> [ 194 - 200]
   110 1.512E+02 1.444E-06           3.303E-03                               [   112]
   110 1.517E+02 3.306E-07           6.329E-04                               [   101]
             CFL Flow  Step  CFLfl_max  dt     110 1.872E+05 1.000E-03
 stopjob,lstep,istep          -1         110          10
   111 1.536E+02 6.173E-05  (   0)   1.027E-03   1.163E-02  <   834-    3|   9> [ 197 -  99]
   111 1.578E+02 4.487E-06  ( -11)   3.830E-04   1.798E-02  <  1616-    3|   8> [ 200 - 200]
   111 1.583E+02 1.267E-06           2.789E-03                               [   107]
   111 1.588E+02 3.078E-07           5.862E-04                               [   107]
   111 1.610E+02 5.264E-05  (   0)   1.044E-03   1.609E-02  <   834-    3|   9> [ 179 - 116]
   111 1.652E+02 4.020E-06  ( -12)   3.062E-04   1.175E-02  <  1452-    3|   8> [ 200 - 200]
   111 1.657E+02 1.295E-06           3.099E-03                               [   117]
   111 1.662E+02 3.148E-07           6.145E-04                               [   106]
             CFL Flow  Step  CFLfl_max  dt     111 1.872E+05 1.000E-03
 stopjob,lstep,istep          -1         111          11
   112 1.683E+02 5.878E-05  (   0)   1.129E-03   9.731E-03  <   623-   13|  10> [ 200 - 108]
   112 1.724E+02 4.423E-06  ( -11)   3.562E-04   9.223E-03  <   118-   13|   8> [ 200 - 200]
   112 1.729E+02 1.299E-06           3.044E-03                               [   108]
   112 1.734E+02 3.263E-07           5.684E-04                               [   102]
   112 1.758E+02 6.190E-05  (   0)   1.438E-03   1.839E-02  <   772-   13|   9> [ 194 - 120]
   112 1.800E+02 4.812E-06  ( -11)   3.890E-04   1.528E-02  <  1396-   13|   7> [ 200 - 200]
   112 1.805E+02 1.534E-06           3.922E-03                               [   114]
   112 1.810E+02 3.465E-07           6.740E-04                               [   106]
             CFL Flow  Step  CFLfl_max  dt     112 1.872E+05 1.000E-03
 stopjob,lstep,istep          -1         112          12
   113 1.830E+02 6.770E-05  (   0)   1.419E-03   1.199E-02  <   802-   13|  10> [ 200 - 105]
   113 1.872E+02 5.290E-06  ( -10)   4.265E-04   1.023E-02  <  1281-   13|   7> [ 200 - 200]
   113 1.877E+02 1.462E-06           3.424E-03                               [   106]
   113 1.881E+02 3.436E-07           6.525E-04                               [   105]
   113 1.903E+02 6.916E-05  (   0)   1.325E-03   9.754E-03  <  1167-    3|   9> [ 189 - 108]
   113 1.944E+02 5.192E-06  ( -11)   4.616E-04   1.907E-02  <  1815-    3|   7> [ 200 - 200]
   113 1.950E+02 1.458E-06           3.417E-03                               [   114]
   113 1.954E+02 3.323E-07           6.395E-04                               [    98]
             CFL Flow  Step  CFLfl_max  dt     113 1.872E+05 1.000E-03
 stopjob,lstep,istep          -1         113          13
   114 1.975E+02 5.849E-05  (   0)   1.114E-03   1.667E-02  <   898-   13|  10> [ 200 - 106]
   114 2.016E+02 4.391E-06  ( -11)   4.145E-04   2.102E-02  <  1616-    3|   8> [ 200 - 200]
   114 2.021E+02 1.287E-06           2.830E-03                               [   106]
   114 2.026E+02 3.058E-07           6.001E-04                               [   106]
   114 2.047E+02 5.572E-05  (   0)   1.016E-03   1.116E-02  <   834-    3|   9> [ 181 - 108]
   114 2.088E+02 4.092E-06  ( -12)   3.149E-04   8.561E-03  <  1517-    3|   9> [ 200 - 200]
   114 2.093E+02 1.279E-06           3.110E-03                               [   110]
   114 2.098E+02 3.114E-07           5.878E-04                               [   105]
             CFL Flow  Step  CFLfl_max  dt     114 1.872E+05 1.000E-03
 stopjob,lstep,istep          -1         114          14
   115 2.121E+02 5.320E-05  (   0)   1.100E-03   1.075E-02  <  1742-    4|   9> [ 182 - 118]
   115 2.162E+02 4.205E-06  ( -11)   3.282E-04   7.733E-03  <  1618-    3|   7> [ 200 - 200]
   115 2.167E+02 1.305E-06           2.914E-03                               [   109]
   115 2.172E+02 3.170E-07           5.662E-04                               [   103]
   115 2.194E+02 6.261E-05  (   0)   1.376E-03   1.364E-02  <   670-   13|  10> [ 191 - 116]
   115 2.235E+02 4.858E-06  ( -11)   3.874E-04   9.230E-03  <  1519-    3|   7> [ 200 - 200]
   115 2.241E+02 1.464E-06           3.893E-03                               [   114]
   115 2.245E+02 3.492E-07           6.476E-04                               [   102]
             CFL Flow  Step  CFLfl_max  dt     115 1.872E+05 1.000E-03
 stopjob,lstep,istep          -1         115          15
   116 2.267E+02 6.850E-05  (   0)   1.399E-03   9.319E-03  <   996-    3|   9> [ 200 - 107]
   116 2.308E+02 5.258E-06  ( -10)   4.206E-04   1.034E-02  <  1355-   13|   6> [ 190 - 200]
   116 2.313E+02 1.499E-06           3.369E-03                               [   108]
   116 2.318E+02 3.427E-07           6.592E-04                               [   103]
   116 2.340E+02 6.498E-05  (   0)   1.345E-03   1.201E-02  <   819-   13|  10> [ 188 - 117]
   116 2.382E+02 5.077E-06  ( -11)   4.187E-04   1.487E-02  <  1815-    3|   8> [ 200 - 200]
   116 2.388E+02 1.459E-06           3.438E-03                               [   114]
   116 2.392E+02 3.341E-07           6.335E-04                               [   101]
             CFL Flow  Step  CFLfl_max  dt     116 1.872E+05 1.000E-03
 stopjob,lstep,istep          -1         116          16
   117 2.412E+02 6.346E-05  (   0)   1.107E-03   1.165E-02  <   857-    3|  10> [ 198 - 102]
   117 2.454E+02 4.648E-06  ( -11)   3.953E-04   1.392E-02  <  1745-    3|   8> [ 200 - 200]
   117 2.459E+02 1.296E-06           2.915E-03                               [   106]
   117 2.463E+02 3.117E-07           5.986E-04                               [   102]
   117 2.485E+02 5.492E-05  (   0)   1.058E-03   1.245E-02  <   915-   13|  10> [ 183 - 115]
   117 2.528E+02 4.161E-06  ( -11)   3.097E-04   1.184E-02  <  1517-    3|   8> [ 200 - 200]
   117 2.534E+02 1.322E-06           3.095E-03                               [   116]
   117 2.539E+02 3.159E-07           6.099E-04                               [   106]
             CFL Flow  Step  CFLfl_max  dt     117 1.872E+05 1.000E-03
 stopjob,lstep,istep          -1         117          17
   118 2.561E+02 5.756E-05  (   0)   1.075E-03   1.286E-02  <   720-   13|   9> [ 192 - 110]
   118 2.603E+02 4.325E-06  ( -11)   3.363E-04   1.232E-02  <  1616-    3|   7> [ 200 - 200]
   118 2.608E+02 1.289E-06           2.985E-03                               [   108]
   118 2.612E+02 3.222E-07           5.702E-04                               [   106]
   118 2.637E+02 5.995E-05  (   0)   1.398E-03   1.851E-02  <   782-    3|   9> [ 188 - 123]
   118 2.679E+02 4.647E-06  ( -11)   3.691E-04   1.189E-02  <  1548-    3|   7> [ 200 - 200]
   118 2.684E+02 1.509E-06           3.807E-03                               [   105]
   118 2.688E+02 3.430E-07           6.601E-04                               [    98]
             CFL Flow  Step  CFLfl_max  dt     118 1.872E+05 1.000E-03
 stopjob,lstep,istep          -1         118          18
   119 2.710E+02 6.574E-05  (   0)   1.376E-03   1.097E-02  <   820-   13|  10> [ 200 - 110]
   119 2.751E+02 5.168E-06  ( -11)   4.041E-04   1.085E-02  <   166-   13|   6> [ 182 - 200]
   119 2.756E+02 1.446E-06           3.358E-03                               [   108]
   119 2.760E+02 3.420E-07           6.353E-04                               [    98]
   119 2.782E+02 6.922E-05  (   0)   1.338E-03   1.186E-02  <   928-    3|   9> [ 183 - 112]
   119 2.823E+02 5.285E-06  ( -10)   4.500E-04   1.631E-02  <  1843-    3|   8> [ 197 - 200]
   119 2.828E+02 1.472E-06           3.512E-03                               [   110]
   119 2.833E+02 3.371E-07           6.408E-04                               [   100]
             CFL Flow  Step  CFLfl_max  dt     119 1.872E+05 1.000E-03
 stopjob,lstep,istep          -1         119          19
   120 2.854E+02 6.102E-05  (   0)   1.166E-03   1.281E-02  <   916-   13|  10> [ 200 - 108]
   120 2.896E+02 4.637E-06  ( -11)   4.020E-04   1.690E-02  <  1744-    3|   8> [ 200 - 200]
   120 2.901E+02 1.327E-06           2.948E-03                               [   108]
   120 2.905E+02 3.137E-07           6.076E-04                               [   105]
   120 2.926E+02 5.784E-05  (   0)   1.097E-03   1.478E-02  <   857-    3|  10> [ 184 - 112]
   120 2.968E+02 4.351E-06  ( -11)   3.379E-04   1.008E-02  <  1646-    3|   8> [ 200 - 200]
   120 2.974E+02 1.318E-06           3.187E-03                               [   118]
   120 2.979E+02 3.165E-07           6.010E-04                               [   104]
             CFL Flow  Step  CFLfl_max  dt     120 1.872E+05 1.000E-03
 stopjob,lstep,istep          -1         120          20
   121 3.001E+02 5.513E-05  (   0)   1.089E-03   1.063E-02  <   687-   13|  10> [ 180 - 117]
   121 3.043E+02 4.252E-06  ( -11)   3.234E-04   7.920E-03  <  1616-    3|   8> [ 200 - 200]
   121 3.048E+02 1.324E-06           2.923E-03                               [   108]
   121 3.053E+02 3.187E-07           5.724E-04                               [   105]
   121 3.076E+02 6.120E-05  (   0)   1.354E-03   1.172E-02  <  3156-    5|   9> [ 187 - 119]
   121 3.118E+02 4.765E-06  ( -11)   3.897E-04   2.011E-02  <  1547-    3|   7> [ 200 - 200]
   121 3.123E+02 1.452E-06           3.812E-03                               [   117]
   121 3.128E+02 3.474E-07           6.408E-04                               [   105]
             CFL Flow  Step  CFLfl_max  dt     121 1.872E+05 1.000E-03
 stopjob,lstep,istep          -1         121          21
   122 3.150E+02 6.768E-05  (   0)   1.365E-03   1.488E-02  <   715-    3|   9> [ 200 - 110]
   122 3.191E+02 5.184E-06  ( -11)   4.082E-04   1.150E-02  <   228-    3|   6> [ 198 - 200]
   122 3.196E+02 1.487E-06           3.338E-03                               [   105]
   122 3.200E+02 3.428E-07           6.518E-04                               [    97]
   122 3.223E+02 6.443E-05  (   0)   1.337E-03   1.547E-02  <   819-   13|  10> [ 186 - 120]
   122 3.265E+02 5.093E-06  ( -11)   4.170E-04   1.802E-02  <  1742-    3|   7> [ 196 - 200]
   122 3.270E+02 1.467E-06           3.489E-03                               [   109]
   122 3.275E+02 3.369E-07           6.366E-04                               [   107]
             CFL Flow  Step  CFLfl_max  dt     122 1.872E+05 1.000E-03
 stopjob,lstep,istep          -1         122          22
   123 3.295E+02 6.445E-05  (   0)   1.147E-03   1.215E-02  <   904-    3|  10> [ 195 - 103]
   123 3.336E+02 4.791E-06  ( -11)   3.906E-04   2.002E-02  <  1815-    3|   8> [ 200 - 200]
   123 3.341E+02 1.313E-06           2.972E-03                               [   110]
   123 3.346E+02 3.165E-07           5.978E-04                               [    99]
   123 3.368E+02 5.744E-05  (   0)   1.131E-03   9.360E-03  <   915-   13|  10> [ 185 - 115]
   123 3.410E+02 4.386E-06  ( -11)   3.711E-04   1.382E-02  <  1645-    3|   8> [ 200 - 200]
   123 3.415E+02 1.360E-06           3.186E-03                               [   110]
   123 3.419E+02 3.215E-07           6.162E-04                               [   105]
             CFL Flow  Step  CFLfl_max  dt     123 1.872E+05 1.000E-03
 stopjob,lstep,istep          -1         123          23
   124 3.441E+02 5.860E-05  (   0)   1.101E-03   1.466E-02  <   857-    3|   9> [ 186 - 109]
   124 3.482E+02 4.395E-06  ( -11)   3.457E-04   1.230E-02  <  1646-    3|   7> [ 200 - 200]
   124 3.487E+02 1.306E-06           2.994E-03                               [   113]
   124 3.492E+02 3.233E-07           5.736E-04                               [   104]
   124 3.516E+02 6.042E-05  (   0)   1.409E-03   2.397E-02  <   705-   13|  10> [ 184 - 122]
   124 3.559E+02 4.674E-06  ( -11)   3.999E-04   1.379E-02  <  1716-    3|   7> [ 200 - 200]
   124 3.564E+02 1.508E-06           3.741E-03                               [   109]
   124 3.569E+02 3.421E-07           6.483E-04                               [    99]
             CFL Flow  Step  CFLfl_max  dt     124 1.872E+05 1.000E-03
 stopjob,lstep,istep          -1         124          24
   125 3.590E+02 6.370E-05  (   0)   1.368E-03   1.866E-02  <   717-   13|   9> [ 200 - 112]
   125 3.635E+02 5.030E-06  ( -11)   3.978E-04   1.379E-02  <  1241-   13|   7> [ 184 - 200]
   125 3.640E+02 1.428E-06           3.306E-03                               [   106]
   125 3.644E+02 3.392E-07           6.307E-04                               [   100]
   125 3.665E+02 6.893E-05  (   0)   1.352E-03   1.136E-02  <  1003-    3|   9> [ 178 - 113]
   125 3.708E+02 5.255E-06  ( -10)   4.482E-04   1.339E-02  <  1393-   13|   7> [ 194 - 200]
   125 3.713E+02 1.464E-06           3.516E-03                               [   108]
   125 3.717E+02 3.383E-07           6.400E-04                               [    93]
             CFL Flow  Step  CFLfl_max  dt     125 1.872E+05 1.000E-03
 stopjob,lstep,istep          -1         125          25
   126 3.738E+02 6.112E-05  (   0)   1.179E-03   1.124E-02  <   868-   13|  10> [ 184 - 110]
   126 3.779E+02 4.705E-06  ( -11)   3.895E-04   1.294E-02  <  1815-    3|   8> [ 198 - 200]
   126 3.784E+02 1.337E-06           2.975E-03                               [   105]
   126 3.789E+02 3.160E-07           6.014E-04                               [   102]
   126 3.810E+02 5.887E-05  (   0)   1.140E-03   1.843E-02  <   904-    3|  10> [ 184 - 113]
   126 3.851E+02 4.459E-06  ( -11)   3.560E-04   1.051E-02  <  1219-   13|   8> [ 200 - 200]
   126 3.856E+02 1.339E-06           3.269E-03                               [   106]
   126 3.861E+02 3.203E-07           6.062E-04                               [   100]
             CFL Flow  Step  CFLfl_max  dt     126 1.872E+05 1.000E-03
 stopjob,lstep,istep          -1         126          26
   127 3.883E+02 5.667E-05  (   0)   1.121E-03   9.897E-03  <   772-   13|  10> [ 178 - 115]
   127 3.926E+02 4.378E-06  ( -11)   3.657E-04   9.860E-03  <  1715-    3|   8> [ 200 - 200]
   127 3.931E+02 1.344E-06           2.936E-03                               [   107]
   127 3.935E+02 3.205E-07           5.735E-04                               [   100]
   127 3.957E+02 6.092E-05  (   0)   1.347E-03   2.339E-02  <  3156-    5|   9> [ 183 - 119]
   127 3.999E+02 4.731E-06  ( -11)   3.882E-04   1.286E-02  <  1615-    3|   7> [ 200 - 200]
   127 4.004E+02 1.446E-06           3.753E-03                               [   106]
   127 4.008E+02 3.459E-07           6.377E-04                               [    98]
             CFL Flow  Step  CFLfl_max  dt     127 1.872E+05 1.000E-03
 stopjob,lstep,istep          -1         127          27
   128 4.030E+02 6.732E-05  (   0)   1.359E-03   1.347E-02  <   705-   13|   9> [ 200 - 109]
   128 4.071E+02 5.131E-06  ( -11)   4.330E-04   1.316E-02  <  1322-   13|   7> [ 196 - 200]
   128 4.076E+02 1.476E-06           3.285E-03                               [   110]
   128 4.080E+02 3.412E-07           6.460E-04                               [    98]
   128 4.103E+02 6.274E-05  (   0)   1.341E-03   1.143E-02  <   717-   13|   9> [ 184 - 123]
   128 4.145E+02 4.973E-06  ( -11)   3.979E-04   1.392E-02  <  1945-    3|   7> [ 200 - 200]
   128 4.149E+02 1.455E-06           3.487E-03                               [   104]
   128 4.154E+02 3.358E-07           6.439E-04                               [    97]
             CFL Flow  Step  CFLfl_max  dt     128 1.872E+05 1.000E-03
 stopjob,lstep,istep          -1         128          28
   129 4.173E+02 6.501E-05  (   0)   1.164E-03   1.149E-02  <   927-    3|  10> [ 189 - 103]
   129 4.215E+02 4.868E-06  ( -11)   4.148E-04   1.322E-02  <  1918-    3|   8> [ 200 - 200]
   129 4.219E+02 1.318E-06           3.027E-03                               [   106]
   129 4.224E+02 3.191E-07           5.957E-04                               [   101]
   129 4.246E+02 5.828E-05  (   0)   1.178E-03   1.418E-02  <   867-   13|  10> [ 188 - 117]
   129 4.288E+02 4.456E-06  ( -11)   3.638E-04   1.647E-02  <  1742-    3|   8> [ 200 - 200]
   129 4.294E+02 1.384E-06           3.275E-03                               [   113]
   129 4.298E+02 3.242E-07           6.217E-04                               [   101]
             CFL Flow  Step  CFLfl_max  dt     129 1.872E+05 1.000E-03
 stopjob,lstep,istep          -1         129          29
   130 4.319E+02 5.931E-05  (   0)   1.105E-03   1.174E-02  <   904-    3|  10> [ 197 - 108]
   130 4.359E+02 4.501E-06  ( -11)   3.546E-04   1.533E-02  <  1714-    3|   8> [ 200 - 200]
   130 4.364E+02 1.320E-06           3.036E-03                               [   106]
   130 4.369E+02 3.237E-07           5.734E-04                               [   100]
   130 4.391E+02 6.005E-05  (   0)   1.366E-03   1.943E-02  <   772-   13|  10> [ 184 - 120]
   130 4.432E+02 4.590E-06  ( -11)   4.014E-04   1.249E-02  <  1644-    3|   8> [ 200 - 200]
   130 4.437E+02 1.501E-06           3.653E-03                               [   105]
   130 4.442E+02 3.390E-07           6.369E-04                               [   102]
             CFL Flow  Step  CFLfl_max  dt     130 1.872E+05 1.000E-03
 stopjob,lstep,istep          -1         130          30
   131 4.463E+02 6.206E-05  (   0)   1.314E-03   1.458E-02  <  1199-    5|   9> [ 200 - 111]
   131 4.503E+02 4.942E-06  ( -11)   3.982E-04   1.352E-02  <  2126-    3|   7> [ 200 - 200]
   131 4.508E+02 1.405E-06           3.223E-03                               [   109]
   131 4.512E+02 3.356E-07           6.227E-04                               [    99]
   131 4.533E+02 6.824E-05  (   0)   1.330E-03   1.381E-02  <   724-   13|   9> [ 185 - 112]
   131 4.574E+02 5.095E-06  ( -11)   4.470E-04   1.541E-02  <  1945-    3|   8> [ 200 - 200]
   131 4.579E+02 1.453E-06           3.491E-03                               [   104]
   131 4.584E+02 3.380E-07           6.350E-04                               [   101]
             CFL Flow  Step  CFLfl_max  dt     131 1.872E+05 1.000E-03
 stopjob,lstep,istep          -1         131          31
   132 4.605E+02 6.009E-05  (   0)   1.217E-03   1.728E-02  <   717-   13|  10> [ 188 - 113]
   132 4.645E+02 4.732E-06  ( -11)   3.980E-04   1.178E-02  <  1916-    3|   8> [ 200 - 200]
   132 4.650E+02 1.340E-06           3.012E-03                               [   111]
   132 4.655E+02 3.171E-07           6.083E-04                               [   101]
   132 4.676E+02 6.000E-05  (   0)   1.215E-03   1.491E-02  <   928-    3|  10> [ 182 - 114]
   132 4.718E+02 4.558E-06  ( -11)   3.883E-04   1.611E-02  <  1350-   13|   8> [ 200 - 200]
   132 4.724E+02 1.359E-06           3.351E-03                               [   112]
   132 4.728E+02 3.242E-07           6.134E-04                               [    96]
             CFL Flow  Step  CFLfl_max  dt     132 1.872E+05 1.000E-03
 stopjob,lstep,istep          -1         132          32
   133 4.750E+02 5.771E-05  (   0)   1.143E-03   9.206E-03  <   962-   13|  10> [ 186 - 116]
   133 4.793E+02 4.478E-06  ( -11)   3.517E-04   1.377E-02  <  1714-    3|   8> [ 200 - 200]
   133 4.798E+02 1.363E-06           3.009E-03                               [   106]
   133 4.802E+02 3.222E-07           5.838E-04                               [   104]
   133 4.825E+02 6.095E-05  (   0)   1.362E-03   2.098E-02  <   855-    3|   9> [ 183 - 118]
   133 4.866E+02 4.713E-06  ( -11)   4.246E-04   1.396E-02  <  1714-    3|   8> [ 200 - 200]
   133 4.871E+02 1.446E-06           3.713E-03                               [   113]
   133 4.875E+02 3.447E-07           6.285E-04                               [    97]
             CFL Flow  Step  CFLfl_max  dt     133 1.872E+05 1.000E-03
 stopjob,lstep,istep          -1         133          33
   134 4.897E+02 6.623E-05  (   0)   1.309E-03   1.477E-02  <   851-    3|   9> [ 200 - 110]
   134 4.937E+02 5.019E-06  ( -11)   4.147E-04   1.360E-02  <   333-    3|   7> [ 200 - 200]
   134 4.942E+02 1.464E-06           3.203E-03                               [   104]
   134 4.947E+02 3.375E-07           6.382E-04                               [   109]
   134 4.970E+02 6.099E-05  (   0)   1.311E-03   1.248E-02  <   767-   13|   9> [ 193 - 124]
   134 5.012E+02 4.789E-06  ( -11)   3.810E-04   1.419E-02  <  1914-    3|   8> [ 200 - 200]
   134 5.017E+02 1.436E-06           3.405E-03                               [   111]
   134 5.021E+02 3.334E-07           6.314E-04                               [   101]
             CFL Flow  Step  CFLfl_max  dt     134 1.872E+05 1.000E-03
 stopjob,lstep,istep          -1         134          34
   135 5.042E+02 6.512E-05  (   0)   1.146E-03   9.432E-03  <  1003-    3|  10> [ 200 - 103]
   135 5.083E+02 4.866E-06  ( -11)   3.947E-04   7.507E-03  <  2021-    3|   8> [ 200 - 200]
   135 5.088E+02 1.316E-06           3.014E-03                               [   108]
   135 5.093E+02 3.202E-07           5.940E-04                               [   102]
   135 5.115E+02 5.858E-05  (   0)   1.208E-03   1.288E-02  <   867-   13|  10> [ 185 - 119]
   135 5.157E+02 4.527E-06  ( -11)   3.641E-04   1.941E-02  <  1812-    3|   8> [ 200 - 200]
   135 5.163E+02 1.402E-06           3.339E-03                               [   110]
   135 5.168E+02 3.264E-07           6.324E-04                               [   104]
             CFL Flow  Step  CFLfl_max  dt     135 1.872E+05 1.000E-03
 stopjob,lstep,istep          -1         135          35
   136 5.189E+02 6.046E-05  (   0)   1.139E-03   1.182E-02  <   928-    3|  10> [ 198 - 108]
   136 5.232E+02 4.624E-06  ( -11)   3.654E-04   1.593E-02  <  1393-   13|   8> [ 200 - 200]
   136 5.238E+02 1.335E-06           3.118E-03                               [   116]
   136 5.242E+02 3.254E-07           5.854E-04                               [   102]
   136 5.264E+02 6.052E-05  (   0)   1.371E-03   2.319E-02  <   961-   13|   9> [ 182 - 120]
   136 5.305E+02 4.599E-06  ( -11)   4.178E-04   1.485E-02  <  1713-    3|   8> [ 200 - 200]
   136 5.310E+02 1.504E-06           3.677E-03                               [   106]
   136 5.315E+02 3.380E-07           6.356E-04                               [    97]
             CFL Flow  Step  CFLfl_max  dt     136 1.872E+05 1.000E-03
 stopjob,lstep,istep          -1         136          36
   137 5.336E+02 6.137E-05  (   0)   1.286E-03   1.566E-02  <   817-   13|   9> [ 200 - 111]
   137 5.376E+02 4.873E-06  ( -11)   4.242E-04   1.274E-02  <  2048-    3|   7> [ 200 - 200]
   137 5.380E+02 1.391E-06           3.163E-03                               [   109]
   137 5.385E+02 3.325E-07           6.190E-04                               [   105]
   137 5.406E+02 6.674E-05  (   0)   1.273E-03   1.238E-02  <  1083-    3|  10> [ 187 - 109]
   137 5.447E+02 4.941E-06  ( -11)   4.331E-04   1.290E-02  <  2019-    3|   8> [ 200 - 200]
   137 5.452E+02 1.429E-06           3.360E-03                               [   107]
   137 5.457E+02 3.336E-07           6.234E-04                               [    99]
             CFL Flow  Step  CFLfl_max  dt     137 1.872E+05 1.000E-03
 stopjob,lstep,istep          -1         137          37
   138 5.478E+02 5.795E-05  (   0)   1.187E-03   1.382E-02  <  1083-    3|   9> [ 198 - 115]
   138 5.520E+02 4.593E-06  ( -11)   3.808E-04   1.170E-02  <  1945-    3|   8> [ 200 - 200]
   138 5.525E+02 1.321E-06           2.923E-03                               [   108]
   138 5.530E+02 3.144E-07           5.960E-04                               [   107]
   138 5.551E+02 6.009E-05  (   0)   1.187E-03   8.716E-03  <  1003-    3|  10> [ 179 - 115]
   138 5.592E+02 4.561E-06  ( -11)   3.647E-04   1.101E-02  <  1812-    3|   9> [ 200 - 200]
   138 5.596E+02 1.359E-06           3.355E-03                               [   111]
   138 5.601E+02 3.253E-07           6.092E-04                               [   100]
             CFL Flow  Step  CFLfl_max  dt     138 1.872E+05 1.000E-03
 stopjob,lstep,istep          -1         138          38
   139 5.622E+02 5.848E-05  (   0)   1.164E-03   7.974E-03  <   867-   13|  10> [ 187 - 116]
   139 5.664E+02 4.575E-06  ( -11)   3.535E-04   1.279E-02  <  1740-    3|   8> [ 200 - 200]
   139 5.669E+02 1.376E-06           3.051E-03                               [   106]
   139 5.674E+02 3.235E-07           5.890E-04                               [    99]
   139 5.695E+02 6.178E-05  (   0)   1.334E-03   1.861E-02  <   705-   13|   9> [ 183 - 119]
   139 5.736E+02 4.784E-06  ( -11)   3.963E-04   1.944E-02  <  1713-    3|   8> [ 200 - 200]
   139 5.742E+02 1.454E-06           3.764E-03                               [   109]
   139 5.746E+02 3.449E-07           6.287E-04                               [    97]
             CFL Flow  Step  CFLfl_max  dt     139 1.872E+05 1.000E-03
 stopjob,lstep,istep          -1         139          39
   140 5.767E+02 6.604E-05  (   0)   1.293E-03   1.306E-02  <   899-    3|  10> [ 191 - 110]
   140 5.808E+02 5.037E-06  ( -11)   4.215E-04   1.161E-02  <   417-    3|   7> [ 200 - 200]
   140 5.813E+02 1.459E-06           3.186E-03                               [   106]
   140 5.817E+02 3.350E-07           6.326E-04                               [    99]
   140 5.840E+02 5.998E-05  (   0)   1.263E-03   2.353E-02  <  1169-    3|   9> [ 193 - 123]
   140 5.881E+02 4.724E-06  ( -11)   3.745E-04   1.332E-02  <  2047-    3|   8> [ 200 - 200]
   140 5.887E+02 1.417E-06           3.297E-03                               [   112]
   140 5.891E+02 3.299E-07           6.133E-04                               [    96]
             CFL Flow  Step  CFLfl_max  dt     140 1.872E+05 1.000E-03
 stopjob,lstep,istep          -1         140          40
   141 5.910E+02 6.404E-05  (   0)   1.117E-03   9.711E-03  <  1083-    3|  10> [ 200 - 102]
   141 5.951E+02 4.776E-06  ( -11)   3.977E-04   8.500E-03  <  2019-    3|   8> [ 193 - 200]
   141 5.956E+02 1.302E-06           2.939E-03                               [   104]
   141 5.960E+02 3.183E-07           5.863E-04                               [    99]
   141 5.983E+02 5.745E-05  (   0)   1.204E-03   1.560E-02  <   764-   13|  10> [ 182 - 120]
   141 6.024E+02 4.415E-06  ( -11)   3.436E-04   1.824E-02  <  1840-    3|   9> [ 200 - 200]
   141 6.029E+02 1.398E-06           3.315E-03                               [   115]
   141 6.034E+02 3.261E-07           6.343E-04                               [    98]
             CFL Flow  Step  CFLfl_max  dt     141 1.872E+05 1.000E-03
 stopjob,lstep,istep          -1         141          41
   142 6.055E+02 6.089E-05  (   0)   1.172E-03   1.065E-02  <   978-    3|  10> [ 200 - 108]
   142 6.096E+02 4.664E-06  ( -11)   3.780E-04   1.360E-02  <  1916-    3|   8> [ 200 - 200]
   142 6.101E+02 1.337E-06           3.101E-03                               [   107]
   142 6.105E+02 3.262E-07           5.781E-04                               [   101]
   142 6.128E+02 6.140E-05  (   0)   1.365E-03   2.314E-02  <   898-   13|  10> [ 182 - 120]
   142 6.169E+02 4.672E-06  ( -11)   4.054E-04   2.358E-02  <  1740-    3|   8> [ 200 - 200]
   142 6.174E+02 1.506E-06           3.708E-03                               [   115]
   142 6.179E+02 3.384E-07           6.405E-04                               [    97]
             CFL Flow  Step  CFLfl_max  dt     142 1.872E+05 1.000E-03
 stopjob,lstep,istep          -1         142          42
   143 6.200E+02 6.207E-05  (   0)   1.292E-03   1.472E-02  <   724-   13|   9> [ 199 - 111]
   143 6.241E+02 4.947E-06  ( -11)   4.165E-04   1.082E-02  <  2233-    3|   7> [ 200 - 200]
   143 6.245E+02 1.394E-06           3.193E-03                               [   107]
   143 6.250E+02 3.323E-07           6.138E-04                               [   101]
   143 6.271E+02 6.645E-05  (   0)   1.247E-03   1.837E-02  <  1169-    3|  10> [ 190 - 108]
   143 6.314E+02 4.927E-06  ( -11)   4.483E-04   1.413E-02  <  2153-    3|   8> [ 200 - 200]
   143 6.319E+02 1.424E-06           3.316E-03                               [   111]
   143 6.323E+02 3.311E-07           6.106E-04                               [   102]
             CFL Flow  Step  CFLfl_max  dt     143 1.872E+05 1.000E-03
 stopjob,lstep,istep          -1         143          43
   144 6.344E+02 5.685E-05  (   0)   1.146E-03   1.760E-02  <  1167-    3|   9> [ 200 - 115]
   144 6.385E+02 4.520E-06  ( -11)   3.613E-04   1.294E-02  <  2019-    3|   9> [ 200 - 200]
   144 6.390E+02 1.309E-06           2.875E-03                               [   107]
   144 6.395E+02 3.120E-07           5.924E-04                               [    98]
   144 6.416E+02 5.909E-05  (   0)   1.211E-03   1.059E-02  <  1003-    3|  10> [ 180 - 115]
   144 6.457E+02 4.464E-06  ( -11)   3.930E-04   1.201E-02  <  1914-    3|   9> [ 200 - 200]
   144 6.462E+02 1.349E-06           3.310E-03                               [   107]
   144 6.466E+02 3.240E-07           6.033E-04                               [   102]
             CFL Flow  Step  CFLfl_max  dt     144 1.872E+05 1.000E-03
 stopjob,lstep,istep          -1         144          44
   145 6.488E+02 5.802E-05  (   0)   1.173E-03   9.917E-03  <   764-   13|  10> [ 185 - 117]
   145 6.530E+02 4.532E-06  ( -11)   3.486E-04   1.250E-02  <  1916-    3|   8> [ 200 - 200]
   145 6.535E+02 1.374E-06           3.029E-03                               [   109]
   145 6.539E+02 3.231E-07           5.887E-04                               [   100]
   145 6.561E+02 6.194E-05  (   0)   1.341E-03   9.769E-03  <   772-   13|  10> [ 181 - 120]
   145 6.604E+02 4.816E-06  ( -11)   4.033E-04   1.493E-02  <  1916-    3|   8> [ 200 - 200]
   145 6.608E+02 1.458E-06           3.787E-03                               [   107]
   145 6.613E+02 3.452E-07           6.311E-04                               [    98]
             CFL Flow  Step  CFLfl_max  dt     145 1.872E+05 1.000E-03
 stopjob,lstep,istep          -1         145          45
   146 6.634E+02 6.625E-05  (   0)   1.315E-03   1.585E-02  <   922-    3|  10> [ 191 - 111]
   146 6.674E+02 5.070E-06  ( -11)   4.080E-04   1.150E-02  <  1964-   13|   7> [ 194 - 200]
   146 6.679E+02 1.460E-06           3.220E-03                               [   110]
   146 6.684E+02 3.349E-07           6.318E-04                               [    99]
   146 6.707E+02 6.057E-05  (   0)   1.255E-03   2.578E-02  <   723-   13|  10> [ 193 - 122]
   146 6.748E+02 4.799E-06  ( -11)   3.934E-04   1.076E-02  <  2232-    3|   8> [ 200 - 200]
   146 6.753E+02 1.420E-06           3.300E-03                               [   108]
   146 6.757E+02 3.296E-07           6.086E-04                               [    96]
             CFL Flow  Step  CFLfl_max  dt     146 1.872E+05 1.000E-03
 stopjob,lstep,istep          -1         146          46
   147 6.777E+02 6.396E-05  (   0)   1.105E-03   1.176E-02  <   849-    3|  10> [ 200 - 104]
   147 6.818E+02 4.738E-06  ( -11)   3.938E-04   9.926E-03  <  2047-    3|   8> [ 193 - 200]
   147 6.823E+02 1.300E-06           2.915E-03                               [   110]
   147 6.828E+02 3.170E-07           5.842E-04                               [   102]
   147 6.851E+02 5.637E-05  (   0)   1.191E-03   1.176E-02  <  1083-    3|  10> [ 182 - 122]
   147 6.892E+02 4.339E-06  ( -11)   3.384E-04   1.193E-02  <  1914-    3|   9> [ 200 - 200]
   147 6.897E+02 1.390E-06           3.264E-03                               [   108]
   147 6.901E+02 3.240E-07           6.201E-04                               [    98]
             CFL Flow  Step  CFLfl_max  dt     147 1.872E+05 1.000E-03
 stopjob,lstep,istep          -1         147          47
   148 6.922E+02 6.008E-05  (   0)   1.142E-03   8.508E-03  <  1003-    3|  10> [ 194 - 109]
   148 6.963E+02 4.579E-06  ( -11)   3.598E-04   1.179E-02  <  1944-    3|   8> [ 195 - 200]
   148 6.968E+02 1.330E-06           3.076E-03                               [   113]
   148 6.973E+02 3.251E-07           5.805E-04                               [   102]
   148 6.995E+02 6.137E-05  (   0)   1.356E-03   1.716E-02  <   962-   13|  10> [ 182 - 121]
   148 7.035E+02 4.704E-06  ( -11)   4.013E-04   1.729E-02  <  1914-    3|   8> [ 198 - 200]
   148 7.040E+02 1.508E-06           3.696E-03                               [   104]
   148 7.044E+02 3.387E-07           6.396E-04                               [    96]
             CFL Flow  Step  CFLfl_max  dt     148 1.872E+05 1.000E-03
 stopjob,lstep,istep          -1         148          48
   149 7.065E+02 6.220E-05  (   0)   1.302E-03   1.820E-02  <   623-   13|  10> [ 194 - 111]
   149 7.106E+02 4.992E-06  ( -11)   4.055E-04   9.621E-03  <  1841-    3|   7> [ 199 - 200]
   149 7.110E+02 1.398E-06           3.224E-03                               [   111]
   149 7.115E+02 3.331E-07           6.201E-04                               [   102]
   149 7.137E+02 6.670E-05  (   0)   1.260E-03   3.024E-02  <  1227-    3|  10> [ 190 - 111]
   149 7.179E+02 4.966E-06  ( -11)   4.359E-04   1.324E-02  <  1295-   13|   7> [ 200 - 200]
   149 7.183E+02 1.430E-06           3.339E-03                               [   103]
   149 7.188E+02 3.319E-07           6.134E-04                               [    96]
             CFL Flow  Step  CFLfl_max  dt     149 1.872E+05 1.000E-03
 stopjob,lstep,istep          -1         149          49
   150 7.210E+02 5.742E-05  (   0)   1.128E-03   1.758E-02  <   753-   13|  10> [ 200 - 116]
   150 7.251E+02 4.575E-06  ( -11)   3.581E-04   9.779E-03  <  2017-    3|   8> [ 200 - 200]
   150 7.255E+02 1.313E-06           2.888E-03                               [   109]
   150 7.260E+02 3.124E-07           5.889E-04                               [   106]
   150 7.282E+02 5.914E-05  (   0)   1.191E-03   1.037E-02  <  1083-    3|  10> [ 180 - 115]
   150 7.323E+02 4.465E-06  ( -11)   3.923E-04   1.062E-02  <  1942-    3|   9> [ 200 - 200]
   150 7.328E+02 1.347E-06           3.301E-03                               [   110]
   150 7.332E+02 3.236E-07           5.998E-04                               [    97]
             CFL Flow  Step  CFLfl_max  dt     150 1.872E+05 1.000E-03
Number of fields to write in restart files: 11
time to write restart (seconds) 0.013140

The 4/11 th field to be written is 'vorticity'

The 5/11 th field to be written is 'wss'

The 6/11 th field to be written is 'pressure projection vectors'

The 7/11 th field to be written is 'projection vectors'
 call saveLesRestart for projection andpressure projection vectors   5.6004524230957031E-004

The 8/11 th field to be written is 'errors'
 Time to write the error fields to the disks   4.3392181396484375E-004

The 9/11 th field to be written is 'ybar'

The 10/11 th field to be written is 'wssbar'

The 11/11 th field to be written is 'dwal'
Last field 11 ! 
Last field 'dwal' finished! 

 Time to write dwal to the disks =   0.21437907218933105     
 T(core) cpu =    733.30609607696533     
 (Elm. form.   65.541720628738403      ,Lin. alg. sol.   566.81166982650757      )
 (Elm. form. Scal.   30.393270492553711      ,Lin. alg. sol. Scal.   69.920436143875122      )
 
Elm. form. : min [13,65.51975], max[8,65.57327] and avg[.,65.54938] (rms=0.01610)
Lin. alg. sol : min [3,566.79163], max[15,566.83989] and avg[.,566.81605] (rms=0.01506)
Elm. form. Scal. : min [12,30.39137], max[9,30.42303] and avg[.,30.40655] (rms=0.01004)
Lin. alg. sol Scal. : min [4,69.91917], max[13,69.92222] and avg[.,69.92060] (rms=0.00083)

nshg    : min [9,3653], max[12,3763] and avg[.,3710] (rms=31)
numel   : min [1,10460], max[13,10671] and avg[.,10596] (rms=57)
numelb  : min [1,6994], max[5,7246] and avg[.,7148] (rms=65)
nnz_tot : min [1,39234], max[12,40147] and avg[.,39740] (rms=260)

iISend : min [9,355328], max[1,1064784] and avg[.,710656] (rms=177514)
iIRecv : min [9,355328], max[1,1067184] and avg[.,710656] (rms=177814)
iWtAll : min [0,355328], max[0,355328] and avg[.,355328] (rms=0)
iAllR  : min [0,220277], max[0,220277] and avg[.,220277] (rms=0)
rISend : min [9,0.98831], max[12,3.11055] and avg[.,2.17221] (rms=0.54730)
rIRecv : min [9,0.11845], max[12,0.38229] and avg[.,0.27238] (rms=0.06333)
rWtAll : min [8,1.07057], max[15,3.61180] and avg[.,2.39851] (rms=0.57428)
rCommu : min [8,1.58350], max[15,4.62430] and avg[.,3.35977] (rms=0.72957)
rspmvphasta : min [15,31.27827], max[11,43.13246] and avg[.,37.79289] (rms=3.70218)
rspmvmkl : min [0,0.00000], max[0,0.00000] and avg[.,0.00000] (rms=0.00000)
rblasphasta : min [15,98.89451], max[11,143.32221] and avg[.,125.90400] (rms=14.24397)
rblasmkl : min [0,0.00000], max[0,0.00000] and avg[.,0.00000] (rms=0.00000)
rspmvKG : min [15,31.29043], max[11,43.14364] and avg[.,37.80516] (rms=3.70203)
rspmvD : min [11,0.41205], max[15,0.44422] and avg[.,0.42991] (rms=0.00954)
rspmvG : min [15,33.59048], max[11,43.73764] and avg[.,39.24794] (rms=3.38942)
rspmvNGt : min [13,0.07753], max[11,0.09994] and avg[.,0.08894] (rms=0.00743)
rspmvNGtC : min [13,31.90517], max[11,41.52147] and avg[.,36.83464] (rms=3.24842)
rspmvFull : min [15,0.24553], max[11,0.34307] and avg[.,0.30196] (rms=0.03140)
ispmvphasta  : min [0,1], max[0,1] and avg[.,1] (rms=0)
ispmvmkl  : min [0,0], max[0,0] and avg[.,0] (rms=0)
iblasphasta  : min [0,5065245], max[0,5065245] and avg[.,5065245] (rms=0)
iblasmkl  : min [0,0], max[0,0] and avg[.,0] (rms=0)
ispmvKG  : min [0,31296], max[0,31296] and avg[.,31296] (rms=0)
ispmvD  : min [0,200], max[0,200] and avg[.,200] (rms=0)
ispmvG  : min [0,72759], max[0,72759] and avg[.,72759] (rms=0)
ispmvNGt  : min [0,200], max[0,200] and avg[.,200] (rms=0)
ispmvNGtC  : min [0,72559], max[0,72559] and avg[.,72559] (rms=0)
ispmvFull  : min [0,200], max[0,200] and avg[.,200] (rms=0)
iblasmaxpy  : min [0,5028355], max[0,5028355] and avg[.,5028355] (rms=0)
rblasmaxpy : min [15,76.44568], max[11,107.59942] and avg[.,95.85118] (rms=10.28463)
rassembly : min [5,8.02707], max[11,11.11687] and avg[.,9.58108] (rms=0.98238)
rAllR  : min [12,1.42498], max[3,1.81792] and avg[.,1.60872] (rms=0.16229)

iISendScal : min [9,48568], max[1,144504] and avg[.,97136] (rms=24139)
iIRecvScal : min [9,48568], max[1,146904] and avg[.,97136] (rms=24439)
iWtAllScal : min [0,48568], max[0,48568] and avg[.,48568] (rms=0)
iAllRScal : min [0,120536], max[0,120536] and avg[.,120536] (rms=0)
rISendScal : min [9,0.07372], max[12,0.23397] and avg[.,0.16349] (rms=0.03760)
rIRecvScal : min [9,0.01355], max[12,0.04411] and avg[.,0.03292] (rms=0.00774)
rWtAllScal : min [8,0.10308], max[15,0.29352] and avg[.,0.18544] (rms=0.04759)
rCommuScal : min [8,0.15024], max[15,0.37310] and avg[.,0.26238] (rms=0.06194)
rAllRScal  : min [12,0.61465], max[3,0.73505] and avg[.,0.66741] (rms=0.04160)
 itrdrv - done with aerodynamic forces
 itrdrv - done with MAXSURF
 itrdrv - done - BACK TO process.f
 process - before closing iecho
 process - after closing iecho
phasta.cc - last call before finalize!
